2025-03-14 23:49:18 [-][-][-][error][yii\db\Exception] PDOException: SQLSTATE[HY000] [2002] No se puede establecer una conexión ya que el equipo de destino denegó expresamente dicha conexión in C:\xampp\htdocs\yii2-proyecto\yii2-proyecto\vendor\yiisoft\yii2\db\Connection.php:722
Stack trace:
#0 C:\xampp\htdocs\yii2-proyecto\yii2-proyecto\vendor\yiisoft\yii2\db\Connection.php(722): PDO->__construct('mysql:host=loca...', 'root', Object(SensitiveParameterValue), NULL)
#1 C:\xampp\htdocs\yii2-proyecto\yii2-proyecto\vendor\yiisoft\yii2\db\Connection.php(637): yii\db\Connection->createPdoInstance()
#2 C:\xampp\htdocs\yii2-proyecto\yii2-proyecto\vendor\yiisoft\yii2\db\Connection.php(1067): yii\db\Connection->open()
#3 C:\xampp\htdocs\yii2-proyecto\yii2-proyecto\vendor\yiisoft\yii2\db\Connection.php(1054): yii\db\Connection->getMasterPdo()
#4 C:\xampp\htdocs\yii2-proyecto\yii2-proyecto\vendor\yiisoft\yii2\db\Command.php(261): yii\db\Connection->getSlavePdo(true)
#5 C:\xampp\htdocs\yii2-proyecto\yii2-proyecto\vendor\yiisoft\yii2\db\Command.php(1181): yii\db\Command->prepare(true)
#6 C:\xampp\htdocs\yii2-proyecto\yii2-proyecto\vendor\yiisoft\yii2\db\Command.php(417): yii\db\Command->queryInternal('fetchAll', NULL)
#7 C:\xampp\htdocs\yii2-proyecto\yii2-proyecto\vendor\yiisoft\yii2\db\mysql\Schema.php(366): yii\db\Command->queryAll()
#8 C:\xampp\htdocs\yii2-proyecto\yii2-proyecto\vendor\yiisoft\yii2\db\mysql\Schema.php(134): yii\db\mysql\Schema->findColumns(Object(yii\db\TableSchema))
#9 C:\xampp\htdocs\yii2-proyecto\yii2-proyecto\vendor\yiisoft\yii2\db\Schema.php(756): yii\db\mysql\Schema->loadTableSchema('migration')
#10 C:\xampp\htdocs\yii2-proyecto\yii2-proyecto\vendor\yiisoft\yii2\db\Schema.php(192): yii\db\Schema->getTableMetadata('{{%migration}}', 'schema', true)
#11 C:\xampp\htdocs\yii2-proyecto\yii2-proyecto\vendor\yiisoft\yii2\console\controllers\MigrateController.php(211): yii\db\Schema->getTableSchema('{{%migration}}', true)
#12 C:\xampp\htdocs\yii2-proyecto\yii2-proyecto\vendor\yiisoft\yii2\console\controllers\BaseMigrateController.php(908): yii\console\controllers\MigrateController->getMigrationHistory(NULL)
#13 C:\xampp\htdocs\yii2-proyecto\yii2-proyecto\vendor\yiisoft\yii2\console\controllers\BaseMigrateController.php(183): yii\console\controllers\BaseMigrateController->getNewMigrations()
#14 [internal function]: yii\console\controllers\BaseMigrateController->actionUp(0)
#15 C:\xampp\htdocs\yii2-proyecto\yii2-proyecto\vendor\yiisoft\yii2\base\InlineAction.php(57): call_user_func_array(Array, Array)
#16 C:\xampp\htdocs\yii2-proyecto\yii2-proyecto\vendor\yiisoft\yii2\base\Controller.php(178): yii\base\InlineAction->runWithParams(Array)
#17 C:\xampp\htdocs\yii2-proyecto\yii2-proyecto\vendor\yiisoft\yii2\console\Controller.php(180): yii\base\Controller->runAction('', Array)
#18 C:\xampp\htdocs\yii2-proyecto\yii2-proyecto\vendor\yiisoft\yii2\base\Module.php(552): yii\console\Controller->runAction('', Array)
#19 C:\xampp\htdocs\yii2-proyecto\yii2-proyecto\vendor\yiisoft\yii2\console\Application.php(180): yii\base\Module->runAction('migrate', Array)
#20 C:\xampp\htdocs\yii2-proyecto\yii2-proyecto\vendor\yiisoft\yii2\console\Application.php(147): yii\console\Application->runAction('migrate', Array)
#21 C:\xampp\htdocs\yii2-proyecto\yii2-proyecto\vendor\yiisoft\yii2\base\Application.php(384): yii\console\Application->handleRequest(Object(yii\console\Request))
#22 C:\xampp\htdocs\yii2-proyecto\yii2-proyecto\yii(23): yii\base\Application->run()
#23 {main}

Next yii\db\Exception: SQLSTATE[HY000] [2002] No se puede establecer una conexión ya que el equipo de destino denegó expresamente dicha conexión in C:\xampp\htdocs\yii2-proyecto\yii2-proyecto\vendor\yiisoft\yii2\db\Connection.php:648
Stack trace:
#0 C:\xampp\htdocs\yii2-proyecto\yii2-proyecto\vendor\yiisoft\yii2\db\Connection.php(1067): yii\db\Connection->open()
#1 C:\xampp\htdocs\yii2-proyecto\yii2-proyecto\vendor\yiisoft\yii2\db\Connection.php(1054): yii\db\Connection->getMasterPdo()
#2 C:\xampp\htdocs\yii2-proyecto\yii2-proyecto\vendor\yiisoft\yii2\db\Command.php(261): yii\db\Connection->getSlavePdo(true)
#3 C:\xampp\htdocs\yii2-proyecto\yii2-proyecto\vendor\yiisoft\yii2\db\Command.php(1181): yii\db\Command->prepare(true)
#4 C:\xampp\htdocs\yii2-proyecto\yii2-proyecto\vendor\yiisoft\yii2\db\Command.php(417): yii\db\Command->queryInternal('fetchAll', NULL)
#5 C:\xampp\htdocs\yii2-proyecto\yii2-proyecto\vendor\yiisoft\yii2\db\mysql\Schema.php(366): yii\db\Command->queryAll()
#6 C:\xampp\htdocs\yii2-proyecto\yii2-proyecto\vendor\yiisoft\yii2\db\mysql\Schema.php(134): yii\db\mysql\Schema->findColumns(Object(yii\db\TableSchema))
#7 C:\xampp\htdocs\yii2-proyecto\yii2-proyecto\vendor\yiisoft\yii2\db\Schema.php(756): yii\db\mysql\Schema->loadTableSchema('migration')
#8 C:\xampp\htdocs\yii2-proyecto\yii2-proyecto\vendor\yiisoft\yii2\db\Schema.php(192): yii\db\Schema->getTableMetadata('{{%migration}}', 'schema', true)
#9 C:\xampp\htdocs\yii2-proyecto\yii2-proyecto\vendor\yiisoft\yii2\console\controllers\MigrateController.php(211): yii\db\Schema->getTableSchema('{{%migration}}', true)
#10 C:\xampp\htdocs\yii2-proyecto\yii2-proyecto\vendor\yiisoft\yii2\console\controllers\BaseMigrateController.php(908): yii\console\controllers\MigrateController->getMigrationHistory(NULL)
#11 C:\xampp\htdocs\yii2-proyecto\yii2-proyecto\vendor\yiisoft\yii2\console\controllers\BaseMigrateController.php(183): yii\console\controllers\BaseMigrateController->getNewMigrations()
#12 [internal function]: yii\console\controllers\BaseMigrateController->actionUp(0)
#13 C:\xampp\htdocs\yii2-proyecto\yii2-proyecto\vendor\yiisoft\yii2\base\InlineAction.php(57): call_user_func_array(Array, Array)
#14 C:\xampp\htdocs\yii2-proyecto\yii2-proyecto\vendor\yiisoft\yii2\base\Controller.php(178): yii\base\InlineAction->runWithParams(Array)
#15 C:\xampp\htdocs\yii2-proyecto\yii2-proyecto\vendor\yiisoft\yii2\console\Controller.php(180): yii\base\Controller->runAction('', Array)
#16 C:\xampp\htdocs\yii2-proyecto\yii2-proyecto\vendor\yiisoft\yii2\base\Module.php(552): yii\console\Controller->runAction('', Array)
#17 C:\xampp\htdocs\yii2-proyecto\yii2-proyecto\vendor\yiisoft\yii2\console\Application.php(180): yii\base\Module->runAction('migrate', Array)
#18 C:\xampp\htdocs\yii2-proyecto\yii2-proyecto\vendor\yiisoft\yii2\console\Application.php(147): yii\console\Application->runAction('migrate', Array)
#19 C:\xampp\htdocs\yii2-proyecto\yii2-proyecto\vendor\yiisoft\yii2\base\Application.php(384): yii\console\Application->handleRequest(Object(yii\console\Request))
#20 C:\xampp\htdocs\yii2-proyecto\yii2-proyecto\yii(23): yii\base\Application->run()
#21 {main}
Additional Information:
Array
(
    [0] => HY000
    [1] => 2002
    [2] => No se puede establecer una conexión ya que el equipo de destino denegó expresamente dicha conexión
)

2025-03-14 23:49:14 [-][-][-][info][application] $_GET = []

$_POST = []

$_FILES = []

$_COOKIE = []

$_SERVER = [
    'ALLUSERSPROFILE' => 'C:\\ProgramData'
    'APPDATA' => 'C:\\Users\\sistemas.sbt\\AppData\\Roaming'
    'CommonProgramFiles' => 'C:\\Program Files\\Common Files'
    'CommonProgramFiles(x86)' => 'C:\\Program Files (x86)\\Common Files'
    'CommonProgramW6432' => 'C:\\Program Files\\Common Files'
    'COMPUTERNAME' => 'STUL-SISTEMAS-S'
    'ComSpec' => 'C:\\WINDOWS\\system32\\cmd.exe'
    'DriverData' => 'C:\\Windows\\System32\\Drivers\\DriverData'
    'EFC_10692' => '1'
    'HOMEDRIVE' => 'C:'
    'HOMEPATH' => '\\Users\\sistemas.sbt'
    'IGCCSVC_DB' => 'AQAAANCMnd8BFdERjHoAwE/Cl+sBAAAAe5dBLt3nqU60QbN34c2X5wQAAAACAAAAAAAQZgAAAAEAACAAAABhJ2uiUHjXH2HtLiPfQwoQX6ROKd/61SsN2+p8lplligAAAAAOgAAAAAIAACAAAAC/OmwgQ52vDsPJs1mCE53CS4aJu7KARgZq3ul/rzgesWAAAAA7hkGACEV85hCdaKSahQuNthPCJJR2q4J5RMUMTTmsCQqK9Ve4lBe3z3sADxGx5XA12SbVAL4I3Ifrp1v2z3fkO0fwb11XDrPqp+FF5ir9upltwquRVKOaNL/1yyzsI/RAAAAAHTFwGZVJqXXAOWf7pdVRb4poUYtKZ8Jrl4JZriOKXpeevr1d5wc0gvYJos5jrUGhrtX5c5RVb266XGVe1K6NJA=='
    'LOCALAPPDATA' => 'C:\\Users\\sistemas.sbt\\AppData\\Local'
    'LOGONSERVER' => '\\\\STUL-SRVDOMAIN'
    'NUMBER_OF_PROCESSORS' => '20'
    'OneDrive' => 'C:\\Users\\sistemas.sbt\\OneDrive'
    'OS' => 'Windows_NT'
    'Path' => 'C:\\WINDOWS\\system32;C:\\WINDOWS;C:\\WINDOWS\\System32\\Wbem;C:\\WINDOWS\\System32\\WindowsPowerShell\\v1.0\\;C:\\WINDOWS\\System32\\OpenSSH\\;C:\\Program Files\\dotnet\\;C:\\xampp\\php;C:\\composer;C:\\Program Files\\PuTTY\\;C:\\Users\\sistemas.sbt\\AppData\\Local\\Microsoft\\WindowsApps;C:\\Users\\sistemas.sbt\\AppData\\Local\\gitkraken\\bin;C:\\Users\\sistemas.sbt\\AppData\\Local\\Programs\\Microsoft VS Code\\bin;C:\\Users\\sistemas.sbt\\AppData\\Local\\GitHubDesktop\\bin;C:\\Users\\sistemas.sbt\\AppData\\Local\\Programs\\Git\\cmd'
    'PATHEXT' => '.COM;.EXE;.BAT;.CMD;.VBS;.VBE;.JS;.JSE;.WSF;.WSH;.MSC'
    'PROCESSOR_ARCHITECTURE' => 'AMD64'
    'PROCESSOR_IDENTIFIER' => 'Intel64 Family 6 Model 191 Stepping 2, GenuineIntel'
    'PROCESSOR_LEVEL' => '6'
    'PROCESSOR_REVISION' => 'bf02'
    'ProgramData' => 'C:\\ProgramData'
    'ProgramFiles' => 'C:\\Program Files'
    'ProgramFiles(x86)' => 'C:\\Program Files (x86)'
    'ProgramW6432' => 'C:\\Program Files'
    'PROMPT' => '$P$G'
    'PSModulePath' => 'C:\\Program Files\\WindowsPowerShell\\Modules;C:\\WINDOWS\\system32\\WindowsPowerShell\\v1.0\\Modules'
    'PUBLIC' => 'C:\\Users\\Public'
    'SESSIONNAME' => 'Console'
    'SystemDrive' => 'C:'
    'SystemRoot' => 'C:\\WINDOWS'
    'TEMP' => 'C:\\Users\\sistemas.sbt\\AppData\\Local\\Temp'
    'TMP' => 'C:\\Users\\sistemas.sbt\\AppData\\Local\\Temp'
    'USERDNSDOMAIN' => 'CHARTWELL.NET.MX'
    'USERDOMAIN' => 'CHARTWELL'
    'USERDOMAIN_ROAMINGPROFILE' => 'CHARTWELL'
    'USERNAME' => 'sistemas.sbt'
    'USERPROFILE' => 'C:\\Users\\sistemas.sbt'
    'windir' => 'C:\\WINDOWS'
    'ZES_ENABLE_SYSMAN' => '1'
    'PHP_SELF' => 'yii'
    'SCRIPT_NAME' => 'yii'
    'SCRIPT_FILENAME' => 'yii'
    'PATH_TRANSLATED' => 'yii'
    'DOCUMENT_ROOT' => ''
    'REQUEST_TIME_FLOAT' => 1741992553.886
    'REQUEST_TIME' => 1741992553
    'argv' => [
        0 => 'yii'
        1 => 'migrate'
    ]
    'argc' => 2
]
2025-03-14 23:50:13 [-][-][-][error][yii\db\Exception] PDOException: SQLSTATE[HY000] [1049] Unknown database 'yii2_proyecto' in C:\xampp\htdocs\yii2-proyecto\yii2-proyecto\vendor\yiisoft\yii2\db\Connection.php:722
Stack trace:
#0 C:\xampp\htdocs\yii2-proyecto\yii2-proyecto\vendor\yiisoft\yii2\db\Connection.php(722): PDO->__construct('mysql:host=loca...', 'root', Object(SensitiveParameterValue), NULL)
#1 C:\xampp\htdocs\yii2-proyecto\yii2-proyecto\vendor\yiisoft\yii2\db\Connection.php(637): yii\db\Connection->createPdoInstance()
#2 C:\xampp\htdocs\yii2-proyecto\yii2-proyecto\vendor\yiisoft\yii2\db\Connection.php(1067): yii\db\Connection->open()
#3 C:\xampp\htdocs\yii2-proyecto\yii2-proyecto\vendor\yiisoft\yii2\db\Connection.php(1054): yii\db\Connection->getMasterPdo()
#4 C:\xampp\htdocs\yii2-proyecto\yii2-proyecto\vendor\yiisoft\yii2\db\Command.php(261): yii\db\Connection->getSlavePdo(true)
#5 C:\xampp\htdocs\yii2-proyecto\yii2-proyecto\vendor\yiisoft\yii2\db\Command.php(1181): yii\db\Command->prepare(true)
#6 C:\xampp\htdocs\yii2-proyecto\yii2-proyecto\vendor\yiisoft\yii2\db\Command.php(417): yii\db\Command->queryInternal('fetchAll', NULL)
#7 C:\xampp\htdocs\yii2-proyecto\yii2-proyecto\vendor\yiisoft\yii2\db\mysql\Schema.php(366): yii\db\Command->queryAll()
#8 C:\xampp\htdocs\yii2-proyecto\yii2-proyecto\vendor\yiisoft\yii2\db\mysql\Schema.php(134): yii\db\mysql\Schema->findColumns(Object(yii\db\TableSchema))
#9 C:\xampp\htdocs\yii2-proyecto\yii2-proyecto\vendor\yiisoft\yii2\db\Schema.php(756): yii\db\mysql\Schema->loadTableSchema('migration')
#10 C:\xampp\htdocs\yii2-proyecto\yii2-proyecto\vendor\yiisoft\yii2\db\Schema.php(192): yii\db\Schema->getTableMetadata('{{%migration}}', 'schema', true)
#11 C:\xampp\htdocs\yii2-proyecto\yii2-proyecto\vendor\yiisoft\yii2\console\controllers\MigrateController.php(211): yii\db\Schema->getTableSchema('{{%migration}}', true)
#12 C:\xampp\htdocs\yii2-proyecto\yii2-proyecto\vendor\yiisoft\yii2\console\controllers\BaseMigrateController.php(908): yii\console\controllers\MigrateController->getMigrationHistory(NULL)
#13 C:\xampp\htdocs\yii2-proyecto\yii2-proyecto\vendor\yiisoft\yii2\console\controllers\BaseMigrateController.php(183): yii\console\controllers\BaseMigrateController->getNewMigrations()
#14 [internal function]: yii\console\controllers\BaseMigrateController->actionUp(0)
#15 C:\xampp\htdocs\yii2-proyecto\yii2-proyecto\vendor\yiisoft\yii2\base\InlineAction.php(57): call_user_func_array(Array, Array)
#16 C:\xampp\htdocs\yii2-proyecto\yii2-proyecto\vendor\yiisoft\yii2\base\Controller.php(178): yii\base\InlineAction->runWithParams(Array)
#17 C:\xampp\htdocs\yii2-proyecto\yii2-proyecto\vendor\yiisoft\yii2\console\Controller.php(180): yii\base\Controller->runAction('', Array)
#18 C:\xampp\htdocs\yii2-proyecto\yii2-proyecto\vendor\yiisoft\yii2\base\Module.php(552): yii\console\Controller->runAction('', Array)
#19 C:\xampp\htdocs\yii2-proyecto\yii2-proyecto\vendor\yiisoft\yii2\console\Application.php(180): yii\base\Module->runAction('migrate', Array)
#20 C:\xampp\htdocs\yii2-proyecto\yii2-proyecto\vendor\yiisoft\yii2\console\Application.php(147): yii\console\Application->runAction('migrate', Array)
#21 C:\xampp\htdocs\yii2-proyecto\yii2-proyecto\vendor\yiisoft\yii2\base\Application.php(384): yii\console\Application->handleRequest(Object(yii\console\Request))
#22 C:\xampp\htdocs\yii2-proyecto\yii2-proyecto\yii(23): yii\base\Application->run()
#23 {main}

Next yii\db\Exception: SQLSTATE[HY000] [1049] Unknown database 'yii2_proyecto' in C:\xampp\htdocs\yii2-proyecto\yii2-proyecto\vendor\yiisoft\yii2\db\Connection.php:648
Stack trace:
#0 C:\xampp\htdocs\yii2-proyecto\yii2-proyecto\vendor\yiisoft\yii2\db\Connection.php(1067): yii\db\Connection->open()
#1 C:\xampp\htdocs\yii2-proyecto\yii2-proyecto\vendor\yiisoft\yii2\db\Connection.php(1054): yii\db\Connection->getMasterPdo()
#2 C:\xampp\htdocs\yii2-proyecto\yii2-proyecto\vendor\yiisoft\yii2\db\Command.php(261): yii\db\Connection->getSlavePdo(true)
#3 C:\xampp\htdocs\yii2-proyecto\yii2-proyecto\vendor\yiisoft\yii2\db\Command.php(1181): yii\db\Command->prepare(true)
#4 C:\xampp\htdocs\yii2-proyecto\yii2-proyecto\vendor\yiisoft\yii2\db\Command.php(417): yii\db\Command->queryInternal('fetchAll', NULL)
#5 C:\xampp\htdocs\yii2-proyecto\yii2-proyecto\vendor\yiisoft\yii2\db\mysql\Schema.php(366): yii\db\Command->queryAll()
#6 C:\xampp\htdocs\yii2-proyecto\yii2-proyecto\vendor\yiisoft\yii2\db\mysql\Schema.php(134): yii\db\mysql\Schema->findColumns(Object(yii\db\TableSchema))
#7 C:\xampp\htdocs\yii2-proyecto\yii2-proyecto\vendor\yiisoft\yii2\db\Schema.php(756): yii\db\mysql\Schema->loadTableSchema('migration')
#8 C:\xampp\htdocs\yii2-proyecto\yii2-proyecto\vendor\yiisoft\yii2\db\Schema.php(192): yii\db\Schema->getTableMetadata('{{%migration}}', 'schema', true)
#9 C:\xampp\htdocs\yii2-proyecto\yii2-proyecto\vendor\yiisoft\yii2\console\controllers\MigrateController.php(211): yii\db\Schema->getTableSchema('{{%migration}}', true)
#10 C:\xampp\htdocs\yii2-proyecto\yii2-proyecto\vendor\yiisoft\yii2\console\controllers\BaseMigrateController.php(908): yii\console\controllers\MigrateController->getMigrationHistory(NULL)
#11 C:\xampp\htdocs\yii2-proyecto\yii2-proyecto\vendor\yiisoft\yii2\console\controllers\BaseMigrateController.php(183): yii\console\controllers\BaseMigrateController->getNewMigrations()
#12 [internal function]: yii\console\controllers\BaseMigrateController->actionUp(0)
#13 C:\xampp\htdocs\yii2-proyecto\yii2-proyecto\vendor\yiisoft\yii2\base\InlineAction.php(57): call_user_func_array(Array, Array)
#14 C:\xampp\htdocs\yii2-proyecto\yii2-proyecto\vendor\yiisoft\yii2\base\Controller.php(178): yii\base\InlineAction->runWithParams(Array)
#15 C:\xampp\htdocs\yii2-proyecto\yii2-proyecto\vendor\yiisoft\yii2\console\Controller.php(180): yii\base\Controller->runAction('', Array)
#16 C:\xampp\htdocs\yii2-proyecto\yii2-proyecto\vendor\yiisoft\yii2\base\Module.php(552): yii\console\Controller->runAction('', Array)
#17 C:\xampp\htdocs\yii2-proyecto\yii2-proyecto\vendor\yiisoft\yii2\console\Application.php(180): yii\base\Module->runAction('migrate', Array)
#18 C:\xampp\htdocs\yii2-proyecto\yii2-proyecto\vendor\yiisoft\yii2\console\Application.php(147): yii\console\Application->runAction('migrate', Array)
#19 C:\xampp\htdocs\yii2-proyecto\yii2-proyecto\vendor\yiisoft\yii2\base\Application.php(384): yii\console\Application->handleRequest(Object(yii\console\Request))
#20 C:\xampp\htdocs\yii2-proyecto\yii2-proyecto\yii(23): yii\base\Application->run()
#21 {main}
Additional Information:
Array
(
    [0] => HY000
    [1] => 1049
    [2] => Unknown database 'yii2_proyecto'
)

2025-03-14 23:50:13 [-][-][-][info][application] $_GET = []

$_POST = []

$_FILES = []

$_COOKIE = []

$_SERVER = [
    'ALLUSERSPROFILE' => 'C:\\ProgramData'
    'APPDATA' => 'C:\\Users\\sistemas.sbt\\AppData\\Roaming'
    'CommonProgramFiles' => 'C:\\Program Files\\Common Files'
    'CommonProgramFiles(x86)' => 'C:\\Program Files (x86)\\Common Files'
    'CommonProgramW6432' => 'C:\\Program Files\\Common Files'
    'COMPUTERNAME' => 'STUL-SISTEMAS-S'
    'ComSpec' => 'C:\\WINDOWS\\system32\\cmd.exe'
    'DriverData' => 'C:\\Windows\\System32\\Drivers\\DriverData'
    'EFC_10692' => '1'
    'HOMEDRIVE' => 'C:'
    'HOMEPATH' => '\\Users\\sistemas.sbt'
    'IGCCSVC_DB' => 'AQAAANCMnd8BFdERjHoAwE/Cl+sBAAAAe5dBLt3nqU60QbN34c2X5wQAAAACAAAAAAAQZgAAAAEAACAAAABhJ2uiUHjXH2HtLiPfQwoQX6ROKd/61SsN2+p8lplligAAAAAOgAAAAAIAACAAAAC/OmwgQ52vDsPJs1mCE53CS4aJu7KARgZq3ul/rzgesWAAAAA7hkGACEV85hCdaKSahQuNthPCJJR2q4J5RMUMTTmsCQqK9Ve4lBe3z3sADxGx5XA12SbVAL4I3Ifrp1v2z3fkO0fwb11XDrPqp+FF5ir9upltwquRVKOaNL/1yyzsI/RAAAAAHTFwGZVJqXXAOWf7pdVRb4poUYtKZ8Jrl4JZriOKXpeevr1d5wc0gvYJos5jrUGhrtX5c5RVb266XGVe1K6NJA=='
    'LOCALAPPDATA' => 'C:\\Users\\sistemas.sbt\\AppData\\Local'
    'LOGONSERVER' => '\\\\STUL-SRVDOMAIN'
    'NUMBER_OF_PROCESSORS' => '20'
    'OneDrive' => 'C:\\Users\\sistemas.sbt\\OneDrive'
    'OS' => 'Windows_NT'
    'Path' => 'C:\\WINDOWS\\system32;C:\\WINDOWS;C:\\WINDOWS\\System32\\Wbem;C:\\WINDOWS\\System32\\WindowsPowerShell\\v1.0\\;C:\\WINDOWS\\System32\\OpenSSH\\;C:\\Program Files\\dotnet\\;C:\\xampp\\php;C:\\composer;C:\\Program Files\\PuTTY\\;C:\\Users\\sistemas.sbt\\AppData\\Local\\Microsoft\\WindowsApps;C:\\Users\\sistemas.sbt\\AppData\\Local\\gitkraken\\bin;C:\\Users\\sistemas.sbt\\AppData\\Local\\Programs\\Microsoft VS Code\\bin;C:\\Users\\sistemas.sbt\\AppData\\Local\\GitHubDesktop\\bin;C:\\Users\\sistemas.sbt\\AppData\\Local\\Programs\\Git\\cmd'
    'PATHEXT' => '.COM;.EXE;.BAT;.CMD;.VBS;.VBE;.JS;.JSE;.WSF;.WSH;.MSC'
    'PROCESSOR_ARCHITECTURE' => 'AMD64'
    'PROCESSOR_IDENTIFIER' => 'Intel64 Family 6 Model 191 Stepping 2, GenuineIntel'
    'PROCESSOR_LEVEL' => '6'
    'PROCESSOR_REVISION' => 'bf02'
    'ProgramData' => 'C:\\ProgramData'
    'ProgramFiles' => 'C:\\Program Files'
    'ProgramFiles(x86)' => 'C:\\Program Files (x86)'
    'ProgramW6432' => 'C:\\Program Files'
    'PROMPT' => '$P$G'
    'PSModulePath' => 'C:\\Program Files\\WindowsPowerShell\\Modules;C:\\WINDOWS\\system32\\WindowsPowerShell\\v1.0\\Modules'
    'PUBLIC' => 'C:\\Users\\Public'
    'SESSIONNAME' => 'Console'
    'SystemDrive' => 'C:'
    'SystemRoot' => 'C:\\WINDOWS'
    'TEMP' => 'C:\\Users\\sistemas.sbt\\AppData\\Local\\Temp'
    'TMP' => 'C:\\Users\\sistemas.sbt\\AppData\\Local\\Temp'
    'USERDNSDOMAIN' => 'CHARTWELL.NET.MX'
    'USERDOMAIN' => 'CHARTWELL'
    'USERDOMAIN_ROAMINGPROFILE' => 'CHARTWELL'
    'USERNAME' => 'sistemas.sbt'
    'USERPROFILE' => 'C:\\Users\\sistemas.sbt'
    'windir' => 'C:\\WINDOWS'
    'ZES_ENABLE_SYSMAN' => '1'
    'PHP_SELF' => 'yii'
    'SCRIPT_NAME' => 'yii'
    'SCRIPT_FILENAME' => 'yii'
    'PATH_TRANSLATED' => 'yii'
    'DOCUMENT_ROOT' => ''
    'REQUEST_TIME_FLOAT' => 1741992613.2068
    'REQUEST_TIME' => 1741992613
    'argv' => [
        0 => 'yii'
        1 => 'migrate'
    ]
    'argc' => 2
]
